env: load .env
env: export EXPO_PUBLIC_SUPABASE_URL EXPO_PUBLIC_SUPABASE_KEY
Unexpected devicectl JSON version output from devicectl. Connecting to physical Apple devices may not work as expected.
› Using --device 00008130-001E21C11410001C
› Auto signing app using team(s): "HTVM5ZUM3M"
› Planning build
› Preparing expo-image Pods/SDWebImage-SDWebImage » ResourceBundle-SDWebImage-SDWebImage-Info.plist
› Preparing Pods/RNCAsyncStorage-RNCAsyncStorage_resources » ResourceBundle-RNCAsyncStorage_resources-RNCAsyncStorage-Info.plist
› Preparing Pods/ExpoFileSystem-ExpoFileSystem_privacy » ResourceBundle-ExpoFileSystem_privacy-ExpoFileSystem-Info.plist
› Preparing Pods/EXConstants-ExpoConstants_privacy » ResourceBundle-ExpoConstants_privacy-EXConstants-Info.plist
› Executing react-native Pods/hermes-engine » [CP-User] [Hermes] Replace Hermes for the right configuration, if needed
› Preparing Pods/glog-glog_privacy » ResourceBundle-glog_privacy-glog-Info.plist
› Preparing expo-constants Pods/EXConstants-EXConstants » ResourceBundle-EXConstants-EXConstants-Info.plist
› Preparing Pods/boost-boost_privacy » ResourceBundle-boost_privacy-boost-Info.plist
› Preparing Pods/React-cxxreact-React-cxxreact_privacy » ResourceBundle-React-cxxreact_privacy-React-cxxreact-Info.plist
› Preparing Pods/React-Core-React-Core_privacy » ResourceBundle-React-Core_privacy-React-Core-Info.plist
› Preparing Pods/RCT-Folly-RCT-Folly_privacy » ResourceBundle-RCT-Folly_privacy-RCT-Folly-Info.plist
› Executing react-native Pods/hermes-engine » [CP] Copy XCFrameworks
› Executing react-native Pods/React-RCTFBReactNativeSpec » [CP-User] [RN]Check FBReactNativeSpec
› Executing ezriya-mobile Pods/ReactCodegen » [CP-User] Generate Specs
› Compiling ezriya-mobile Pods/ReactAppDependencyProvider » RCTAppDependencyProvider.mm
› Compiling ezriya-mobile Pods/ReactCodegen » safeareacontextJSI-generated.cpp
› Compiling ezriya-mobile Pods/ReactCodegen » safeareacontext-generated.mm
› Compiling ezriya-mobile Pods/ReactCodegen » rnscreensJSI-generated.cpp
› Compiling ezriya-mobile Pods/ReactCodegen » rnscreens-generated.mm
› Compiling ezriya-mobile Pods/ReactCodegen » rnreanimatedJSI-generated.cpp
› Compiling ezriya-mobile Pods/ReactCodegen » rnreanimated-generated.mm
› Compiling ezriya-mobile Pods/ReactCodegen » rngesturehandler_codegenJSI-generated.cpp
› Compiling ezriya-mobile Pods/ReactCodegen » rngesturehandler_codegen-generated.mm
› Compiling ezriya-mobile Pods/ReactCodegen » rnasyncstorageJSI-generated.cpp
› Compiling ezriya-mobile Pods/ReactCodegen » rnasyncstorage-generated.mm
› Compiling ezriya-mobile Pods/ReactCodegen » States.cpp
› Compiling ezriya-mobile Pods/ReactCodegen » States.cpp
› Compiling ezriya-mobile Pods/ReactCodegen » States.cpp
› Compiling ezriya-mobile Pods/ReactCodegen » ShadowNodes.cpp
› Compiling ezriya-mobile Pods/ReactCodegen » ShadowNodes.cpp
› Compiling ezriya-mobile Pods/ReactCodegen » ShadowNodes.cpp
› Compiling ezriya-mobile Pods/ReactCodegen » RCTUnstableModulesRequiringMainQueueSetupProvider.mm
› Compiling ezriya-mobile Pods/ReactCodegen » RCTThirdPartyComponentsProvider.mm
› Compiling ezriya-mobile Pods/ReactCodegen » RCTModulesConformingToProtocolsProvider.mm
› Compiling ezriya-mobile Pods/ReactCodegen » RCTModuleProviders.mm
› Compiling ezriya-mobile Pods/ReactCodegen » Props.cpp
› Compiling ezriya-mobile Pods/ReactCodegen » Props.cpp
› Compiling ezriya-mobile Pods/ReactCodegen » Props.cpp
› Compiling ezriya-mobile Pods/ReactCodegen » EventEmitters.cpp
› Compiling ezriya-mobile Pods/ReactCodegen » EventEmitters.cpp
› Compiling ezriya-mobile Pods/ReactCodegen » EventEmitters.cpp
› Compiling ezriya-mobile Pods/ReactCodegen » ComponentDescriptors.cpp
› Compiling ezriya-mobile Pods/ReactCodegen » ComponentDescriptors.cpp
› Compiling ezriya-mobile Pods/ReactCodegen » ComponentDescriptors.cpp
› Compiling react-native-screens Pods/RNScreens » UIViewController+RNScreens.mm
› Compiling react-native-screens Pods/RNScreens » RNScreens-dummy.m
› Compiling react-native-screens Pods/RNScreens » RNSTabBarAppearanceCoordinator.mm
› Compiling react-native-screens Pods/RNScreens » RNSScreen.mm
› Compiling react-native-screens Pods/RNScreens » RNSConversions.mm
› Compiling react-native-screens Pods/RNScreens » RNSConversions-SplitView.mm
› Compiling react-native-screens Pods/RNScreens » RNSConversions-Fabric.mm
› Compiling react-native-screens Pods/RNScreens » RNSConversions-BottomTabs.mm
› Compiling react-native-screens Pods/RNScreens » RNSBottomTabsScreenComponentView.mm
› Compiling react-native-screens Pods/RNScreens » RNSBottomTabsHostComponentView.mm
› Compiling react-native-reanimated Pods/RNReanimated » ReanimatedRuntime.cpp

❌  (ios/Pods/Headers/Public/RCT-Folly/folly/Expected.h:1587:10)

  1585 | // Inspired by https://github.com/toby-allsopp/coroutine_monad
  1586 | #if FOLLY_HAS_COROUTINES
> 1587 | #include <folly/coro/Coroutine.h>
       |          ^ 'folly/coro/Coroutine.h' file not found
  1588 | 
  1589 | namespace folly {
  1590 | namespace expected_detail {

› Compiling react-native-reanimated Pods/RNReanimated » ReanimatedHermesRuntime.cpp
› Compiling react-native-reanimated Pods/RNReanimated » RNRuntimeDecorator.cpp
› Compiling react-native-reanimated Pods/RNReanimated » REASwizzledUIManager.mm
    Run script build phase '[CP-User] react-native-maps patches' will be run during every build because it does not specify any outputs. To address this issue, either add output dependencies to the script phase, or configure it to run in every build by unchecking "Based on dependency analysis" in the script phase. (in target 'react-native-maps' from project 'Pods')
    Run script build phase '[CP-User] [Hermes] Replace Hermes for the right configuration, if needed' will be run during every build because it does not specify any outputs. To address this issue, either add output dependencies to the script phase, or configure it to run in every build by unchecking "Based on dependency analysis" in the script phase. (in target 'hermes-engine' from project 'Pods')

› 1 error(s), and 2 warning(s)

CommandError: Failed to build iOS project. "xcodebuild" exited with error code 65.
