
> ezriya-mobile@1.0.0 ios
> expo run:ios

env: load .env
env: export EXPO_PUBLIC_SUPABASE_URL EXPO_PUBLIC_SUPABASE_KEY
› Skipping dev server
› Planning build
› Preparing Pods/React-cxxreact-React-cxxreact_privacy » ResourceBundle-React-cxxreact_privacy-React-cxxreact-Info.plist
› Preparing Pods/React-Core-React-Core_privacy » ResourceBundle-React-Core_privacy-React-Core-Info.plist
› Preparing expo-image Pods/SDWebImage-SDWebImage » ResourceBundle-SDWebImage-SDWebImage-Info.plist
› Preparing Pods/RNCAsyncStorage-RNCAsyncStorage_resources » ResourceBundle-RNCAsyncStorage_resources-RNCAsyncStorage-Info.plist
› Preparing Pods/ExpoFileSystem-ExpoFileSystem_privacy » ResourceBundle-ExpoFileSystem_privacy-ExpoFileSystem-Info.plist
› Preparing expo-constants Pods/EXConstants-EXConstants » ResourceBundle-EXConstants-EXConstants-Info.plist
› Preparing Pods/EXConstants-ExpoConstants_privacy » ResourceBundle-ExpoConstants_privacy-EXConstants-Info.plist
› Executing react-native Pods/hermes-engine » [CP-User] [Hermes] Replace Hermes for the right configuration, if needed
› Preparing Pods/boost-boost_privacy » ResourceBundle-boost_privacy-boost-Info.plist
› Preparing Pods/glog-glog_privacy » ResourceBundle-glog_privacy-glog-Info.plist
› Preparing Pods/RCT-Folly-RCT-Folly_privacy » ResourceBundle-RCT-Folly_privacy-RCT-Folly-Info.plist
› Executing react-native Pods/React-RCTFBReactNativeSpec » [CP-User] [RN]Check FBReactNativeSpec
› Compiling react-native-reanimated Pods/RNReanimated » ReanimatedRuntime.cpp

❌  (ios/Pods/Headers/Public/RCT-Folly/folly/Expected.h:1587:10)

  1585 | // Inspired by https://github.com/toby-allsopp/coroutine_monad
  1586 | #if FOLLY_HAS_COROUTINES
> 1587 | #include <folly/coro/Coroutine.h>
       |          ^ 'folly/coro/Coroutine.h' file not found
  1588 | 
  1589 | namespace folly {
  1590 | namespace expected_detail {

› Compiling react-native-reanimated Pods/RNReanimated » ReanimatedHermesRuntime.cpp

❌  (ios/Pods/Headers/Public/RCT-Folly/folly/Expected.h:1587:10)

  1585 | // Inspired by https://github.com/toby-allsopp/coroutine_monad
  1586 | #if FOLLY_HAS_COROUTINES
> 1587 | #include <folly/coro/Coroutine.h>
       |          ^ 'folly/coro/Coroutine.h' file not found
  1588 | 
  1589 | namespace folly {
  1590 | namespace expected_detail {

› Compiling react-native-reanimated Pods/RNReanimated » REAModule.mm
› Compiling react-native-reanimated Pods/RNReanimated » REAMessageThread.mm
› Compiling react-native-reanimated Pods/RNReanimated » REAInitializerRCTFabricSurface.mm
› Compiling react-native-reanimated Pods/RNReanimated » REAInitializer.mm
› Compiling react-native-reanimated Pods/RNReanimated » REAIOSUIScheduler.mm
› Compiling react-native-reanimated Pods/RNReanimated » REAIOSLogger.mm
› Compiling react-native-reanimated Pods/RNReanimated » PlatformDepMethodsHolderImpl.mm
› Compiling react-native-reanimated Pods/RNReanimated » NativeReanimatedModuleSpec.cpp
› Compiling react-native-reanimated Pods/RNReanimated » NativeReanimatedModule.cpp
› Compiling react-native-reanimated Pods/RNReanimated » NativeProxy.mm
› Compiling react-native-reanimated Pods/RNReanimated » NativeMethods.mm
› Compiling react-native-reanimated Pods/RNReanimated » LayoutAnimationsManager.cpp
› Compiling react-native-reanimated Pods/RNReanimated » JSScheduler.cpp
› Compiling react-native-reanimated Pods/RNReanimated » JSLogger.cpp
    Run script build phase '[CP-User] react-native-maps patches' will be run during every build because it does not specify any outputs. To address this issue, either add output dependencies to the script phase, or configure it to run in every build by unchecking "Based on dependency analysis" in the script phase. (in target 'react-native-maps' from project 'Pods')
    Run script build phase '[CP-User] [Hermes] Replace Hermes for the right configuration, if needed' will be run during every build because it does not specify any outputs. To address this issue, either add output dependencies to the script phase, or configure it to run in every build by unchecking "Based on dependency analysis" in the script phase. (in target 'hermes-engine' from project 'Pods')

› 2 error(s), and 2 warning(s)

CommandError: Failed to build iOS project. "xcodebuild" exited with error code 65.
